<?xml version="1.0" encoding="UTF-8"?>
<Site BuildName="(empty)"
	BuildStamp="20240830-1106-Experimental"
	Name="noi-VirtualBox"
	Generator="ctest-3.28.3"
	CompilerName="/usr/bin/g++"
	CompilerVersion="13.2.0"
	OSName="Linux"
	Hostname="noi-VirtualBox"
	OSRelease="6.8.0-41-generic"
	OSVersion="#41-Ubuntu SMP PREEMPT_DYNAMIC Fri Aug  2 20:41:06 UTC 2024"
	OSPlatform="x86_64"
	Is64Bits="1"
	VendorString="AuthenticAMD"
	VendorID="Advanced Micro Devices"
	FamilyID="23"
	ModelID="24"
	ProcessorCacheSize="512"
	NumberOfLogicalCPU="2"
	NumberOfPhysicalCPU="2"
	TotalVirtualMemory="2715"
	TotalPhysicalMemory="2716"
	LogicalProcessorsPerPhysical="1"
	ProcessorClockFrequency="2295.61"
	>
	<Testing>
		<StartDateTime>Aug 30 13:06 CEST</StartDateTime>
		<StartTestTime>1725015999</StartTestTime>
		<TestList/>
		<EndDateTime>Aug 30 13:06 CEST</EndDateTime>
		<EndTestTime>1725015999</EndTestTime>
		<ElapsedMinutes>0</ElapsedMinutes>
	</Testing>
</Site>
