<?xml version="1.0" encoding="UTF-8"?>
<Site BuildName="(empty)"
	BuildStamp="20240902-1018-Experimental"
	Name="noi-VirtualBox"
	Generator="ctest-3.28.3"
	CompilerName="/usr/bin/g++"
	CompilerVersion="13.2.0"
	OSName="Linux"
	Hostname="noi-VirtualBox"
	OSRelease="6.8.0-41-generic"
	OSVersion="#41-Ubuntu SMP PREEMPT_DYNAMIC Fri Aug  2 20:41:06 UTC 2024"
	OSPlatform="x86_64"
	Is64Bits="1"
	VendorString="AuthenticAMD"
	VendorID="Advanced Micro Devices"
	FamilyID="23"
	ModelID="24"
	ProcessorCacheSize="512"
	NumberOfLogicalCPU="2"
	NumberOfPhysicalCPU="2"
	TotalVirtualMemory="2715"
	TotalPhysicalMemory="2716"
	LogicalProcessorsPerPhysical="1"
	ProcessorClockFrequency="2295.61"
	>
	<Testing>
		<StartDateTime>Sep 02 12:18 CEST</StartDateTime>
		<StartTestTime>1725272313</StartTestTime>
		<TestList/>
		<EndDateTime>Sep 02 12:18 CEST</EndDateTime>
		<EndTestTime>1725272313</EndTestTime>
		<ElapsedMinutes>0</ElapsedMinutes>
	</Testing>
</Site>
