<?xml version="1.0" encoding="UTF-8"?>
<Site BuildName="(empty)"
	BuildStamp="20240920-1201-Experimental"
	Name="noi-VirtualBox"
	Generator="ctest-3.28.3"
	CompilerName="/usr/bin/g++"
	CompilerVersion="13.2.0"
	OSName="Linux"
	Hostname="noi-VirtualBox"
	OSRelease="6.8.0-45-generic"
	OSVersion="#45-Ubuntu SMP PREEMPT_DYNAMIC Fri Aug 30 12:02:04 UTC 2024"
	OSPlatform="x86_64"
	Is64Bits="1"
	VendorString="AuthenticAMD"
	VendorID="Advanced Micro Devices"
	FamilyID="23"
	ModelID="24"
	ProcessorCacheSize="512"
	NumberOfLogicalCPU="2"
	NumberOfPhysicalCPU="2"
	TotalVirtualMemory="2715"
	TotalPhysicalMemory="2716"
	LogicalProcessorsPerPhysical="1"
	ProcessorClockFrequency="2295.62"
	>
	<Testing>
		<StartDateTime>Sep 20 14:01 CEST</StartDateTime>
		<StartTestTime>1726833708</StartTestTime>
		<TestList/>
		<EndDateTime>Sep 20 14:01 CEST</EndDateTime>
		<EndTestTime>1726833708</EndTestTime>
		<ElapsedMinutes>0</ElapsedMinutes>
	</Testing>
</Site>
