<?xml version="1.0" encoding="UTF-8"?>
<Site BuildName="(empty)"
	BuildStamp="20241120-0912-Experimental"
	Name="walle-ubuntu"
	Generator="ctest-3.28.3"
	CompilerName="/usr/bin/g++"
	CompilerVersion="13.2.0"
	OSName="Linux"
	Hostname="walle-ubuntu"
	OSRelease="6.8.0-48-generic"
	OSVersion="#48-Ubuntu SMP PREEMPT_DYNAMIC Fri Sep 27 14:04:52 UTC 2024"
	OSPlatform="x86_64"
	Is64Bits="1"
	VendorString="AuthenticAMD"
	VendorID="Advanced Micro Devices"
	FamilyID="23"
	ModelID="24"
	ProcessorCacheSize="512"
	NumberOfLogicalCPU="8"
	NumberOfPhysicalCPU="4"
	TotalVirtualMemory="4095"
	TotalPhysicalMemory="5793"
	LogicalProcessorsPerPhysical="2"
	ProcessorClockFrequency="1327.24"
	>
	<Testing>
		<StartDateTime>Nov 20 14:47 CET</StartDateTime>
		<StartTestTime>1732110423</StartTestTime>
		<TestList/>
		<EndDateTime>Nov 20 14:47 CET</EndDateTime>
		<EndTestTime>1732110423</EndTestTime>
		<ElapsedMinutes>0</ElapsedMinutes>
	</Testing>
</Site>
